
*** Running vivado
    with args -log proc.vds -m64 -mode batch -messageDb vivado.pb -notrace -source proc.tcl


****** Vivado v2016.2 (64-bit)
  **** SW Build 1577090 on Thu Jun  2 16:32:40 MDT 2016
  **** IP Build 1577682 on Fri Jun  3 12:00:54 MDT 2016
    ** Copyright 1986-2016 Xilinx, Inc. All Rights Reserved.

source proc.tcl -notrace
Command: synth_design -top proc -part xc7a100tcsg324-1
Starting synth_design
Attempting to get a license for feature 'Synthesis' and/or device 'xc7a100t'
INFO: [Common 17-349] Got license for feature 'Synthesis' and/or device 'xc7a100t'
INFO: Launching helper process for spawning children vivado processes
INFO: Helper process launched with PID 1304 
---------------------------------------------------------------------------------
Starting RTL Elaboration : Time (s): cpu = 00:00:06 ; elapsed = 00:00:08 . Memory (MB): peak = 289.617 ; gain = 82.508
---------------------------------------------------------------------------------
INFO: [Synth 8-638] synthesizing module 'proc' [Z:/projects/thomas_moore/proc.vhd:22]
INFO: [Synth 8-256] done synthesizing module 'proc' (1#1) [Z:/projects/thomas_moore/proc.vhd:22]
---------------------------------------------------------------------------------
Finished RTL Elaboration : Time (s): cpu = 00:00:07 ; elapsed = 00:00:09 . Memory (MB): peak = 326.887 ; gain = 119.777
---------------------------------------------------------------------------------

Report Check Netlist: 
+------+------------------+-------+---------+-------+------------------+
|      |Item              |Errors |Warnings |Status |Description       |
+------+------------------+-------+---------+-------+------------------+
|1     |multi_driven_nets |      0|        0|Passed |Multi driven nets |
+------+------------------+-------+---------+-------+------------------+
---------------------------------------------------------------------------------
Finished RTL Optimization Phase 1 : Time (s): cpu = 00:00:07 ; elapsed = 00:00:09 . Memory (MB): peak = 326.887 ; gain = 119.777
---------------------------------------------------------------------------------
INFO: [Device 21-403] Loading part xc7a100tcsg324-1
INFO: [Project 1-570] Preparing netlist for logic optimization

Processing XDC Constraints
Initializing timing engine
Parsing XDC File [Z:/projects/thomas_moore/proc.xdc]
Finished Parsing XDC File [Z:/projects/thomas_moore/proc.xdc]
INFO: [Project 1-236] Implementation specific constraints were found while reading constraint file [Z:/projects/thomas_moore/proc.xdc]. These constraints will be ignored for synthesis but will be used in implementation. Impacted constraints are listed in the file [.Xil/proc_propImpl.xdc].
Resolution: To avoid this warning, move constraints listed in [.Xil/proc_propImpl.xdc] to another XDC file and exclude this new file from synthesis with the used_in_synthesis property (File Properties dialog in GUI) and re-run elaboration/synthesis.
Completed Processing XDC Constraints

INFO: [Project 1-111] Unisim Transformation Summary:
No Unisim elements were transformed.

Constraint Validation Runtime : Time (s): cpu = 00:00:00 ; elapsed = 00:00:00 . Memory (MB): peak = 629.355 ; gain = 0.000
---------------------------------------------------------------------------------
Finished Constraint Validation : Time (s): cpu = 00:00:18 ; elapsed = 00:00:22 . Memory (MB): peak = 629.355 ; gain = 422.246
---------------------------------------------------------------------------------
---------------------------------------------------------------------------------
Start Loading Part and Timing Information
---------------------------------------------------------------------------------
Loading part: xc7a100tcsg324-1
---------------------------------------------------------------------------------
Finished Loading Part and Timing Information : Time (s): cpu = 00:00:18 ; elapsed = 00:00:22 . Memory (MB): peak = 629.355 ; gain = 422.246
---------------------------------------------------------------------------------
---------------------------------------------------------------------------------
Start Applying 'set_property' XDC Constraints
---------------------------------------------------------------------------------
---------------------------------------------------------------------------------
Finished applying 'set_property' XDC Constraints : Time (s): cpu = 00:00:18 ; elapsed = 00:00:22 . Memory (MB): peak = 629.355 ; gain = 422.246
---------------------------------------------------------------------------------
INFO: [Synth 8-5818] HDL ADVISOR - The operator resource <adder> is shared. To prevent sharing consider applying a KEEP on the output of the operator [Z:/projects/thomas_moore/proc.vhd:176]
INFO: [Synth 8-5546] ROM "LED" won't be mapped to RAM because it is too sparse
INFO: [Synth 8-5546] ROM "inst" won't be mapped to RAM because it is too sparse
INFO: [Synth 8-5544] ROM "wr" won't be mapped to Block RAM because address size (4) smaller than threshold (5)
INFO: [Synth 8-5544] ROM "wr" won't be mapped to Block RAM because address size (4) smaller than threshold (5)
INFO: [Synth 8-5546] ROM "skip" won't be mapped to RAM because it is too sparse
INFO: [Synth 8-5544] ROM "A" won't be mapped to Block RAM because address size (4) smaller than threshold (5)
---------------------------------------------------------------------------------
Finished RTL Optimization Phase 2 : Time (s): cpu = 00:00:19 ; elapsed = 00:00:22 . Memory (MB): peak = 629.355 ; gain = 422.246
---------------------------------------------------------------------------------

Report RTL Partitions: 
+-+--------------+------------+----------+
| |RTL Partition |Replication |Instances |
+-+--------------+------------+----------+
+-+--------------+------------+----------+
---------------------------------------------------------------------------------
Start RTL Component Statistics 
---------------------------------------------------------------------------------
Detailed RTL Component Info : 
+---Adders : 
	   2 Input     12 Bit       Adders := 3     
	   2 Input      3 Bit       Adders := 1     
+---XORs : 
	   2 Input     12 Bit         XORs := 1     
+---Registers : 
	               12 Bit    Registers := 5     
	                3 Bit    Registers := 1     
	                1 Bit    Registers := 2     
+---RAMs : 
	              48K Bit         RAMs := 1     
+---Muxes : 
	   2 Input     12 Bit        Muxes := 8     
	  10 Input     12 Bit        Muxes := 3     
	  12 Input     12 Bit        Muxes := 1     
	   4 Input     12 Bit        Muxes := 1     
	   2 Input      5 Bit        Muxes := 1     
	  64 Input      5 Bit        Muxes := 1     
	   2 Input      3 Bit        Muxes := 1     
	   2 Input      1 Bit        Muxes := 9     
	  15 Input      1 Bit        Muxes := 2     
	  12 Input      1 Bit        Muxes := 2     
	  17 Input      1 Bit        Muxes := 1     
	   4 Input      1 Bit        Muxes := 1     
	  11 Input      1 Bit        Muxes := 1     
---------------------------------------------------------------------------------
Finished RTL Component Statistics 
---------------------------------------------------------------------------------
---------------------------------------------------------------------------------
Start RTL Hierarchical Component Statistics 
---------------------------------------------------------------------------------
Hierarchical RTL Component report 
Module proc 
Detailed RTL Component Info : 
+---Adders : 
	   2 Input     12 Bit       Adders := 3     
	   2 Input      3 Bit       Adders := 1     
+---XORs : 
	   2 Input     12 Bit         XORs := 1     
+---Registers : 
	               12 Bit    Registers := 5     
	                3 Bit    Registers := 1     
	                1 Bit    Registers := 2     
+---RAMs : 
	              48K Bit         RAMs := 1     
+---Muxes : 
	   2 Input     12 Bit        Muxes := 8     
	  10 Input     12 Bit        Muxes := 3     
	  12 Input     12 Bit        Muxes := 1     
	   4 Input     12 Bit        Muxes := 1     
	   2 Input      5 Bit        Muxes := 1     
	  64 Input      5 Bit        Muxes := 1     
	   2 Input      3 Bit        Muxes := 1     
	   2 Input      1 Bit        Muxes := 9     
	  15 Input      1 Bit        Muxes := 2     
	  12 Input      1 Bit        Muxes := 2     
	  17 Input      1 Bit        Muxes := 1     
	   4 Input      1 Bit        Muxes := 1     
	  11 Input      1 Bit        Muxes := 1     
---------------------------------------------------------------------------------
Finished RTL Hierarchical Component Statistics
---------------------------------------------------------------------------------
---------------------------------------------------------------------------------
Start Part Resource Summary
---------------------------------------------------------------------------------
Part Resources:
DSPs: 240 (col length:80)
BRAMs: 270 (col length: RAMB18 80 RAMB36 40)
---------------------------------------------------------------------------------
Finished Part Resource Summary
---------------------------------------------------------------------------------
Start Parallel Synthesis Optimization  : Time (s): cpu = 00:00:19 ; elapsed = 00:00:23 . Memory (MB): peak = 629.355 ; gain = 422.246
---------------------------------------------------------------------------------
Start Cross Boundary Optimization
---------------------------------------------------------------------------------
INFO: [Synth 8-5546] ROM "LED" won't be mapped to RAM because it is too sparse
INFO: [Synth 8-5546] ROM "p_0_out" won't be mapped to RAM because it is too sparse
---------------------------------------------------------------------------------
Finished Cross Boundary Optimization : Time (s): cpu = 00:00:19 ; elapsed = 00:00:23 . Memory (MB): peak = 629.355 ; gain = 422.246
---------------------------------------------------------------------------------
Finished Parallel Reinference  : Time (s): cpu = 00:00:19 ; elapsed = 00:00:23 . Memory (MB): peak = 629.355 ; gain = 422.246

Report RTL Partitions: 
+-+--------------+------------+----------+
| |RTL Partition |Replication |Instances |
+-+--------------+------------+----------+
+-+--------------+------------+----------+
---------------------------------------------------------------------------------
Start ROM, RAM, DSP and Shift Register Reporting
---------------------------------------------------------------------------------

Block RAM: Preliminary Mapping  Report (see note below)
+------------+------------+------------------------+---+---+------------------------+---+---+------------------+--------+--------+
|Module Name | RTL Object | PORT A (Depth x Width) | W | R | PORT B (Depth x Width) | W | R | Ports driving FF | RAMB18 | RAMB36 | 
+------------+------------+------------------------+---+---+------------------------+---+---+------------------+--------+--------+
|proc        | mem_reg    | 4 K x 12(READ_FIRST)   | W |   | 4 K x 12(WRITE_FIRST)  |   | R | Port A and B     | 1      | 1      | 
+------------+------------+------------------------+---+---+------------------------+---+---+------------------+--------+--------+

Note: The table above is a preliminary report that shows the Block RAMs at the current stage of the synthesis flow. Some Block RAMs may be reimplemented as non Block RAM primitives later in the synthesis flow. Multiple instantiated Block RAMs are reported only once. 
---------------------------------------------------------------------------------
Finished ROM, RAM, DSP and Shift Register Reporting
---------------------------------------------------------------------------------
---------------------------------------------------------------------------------
Start Area Optimization
---------------------------------------------------------------------------------
---------------------------------------------------------------------------------
Finished Area Optimization : Time (s): cpu = 00:00:21 ; elapsed = 00:00:25 . Memory (MB): peak = 629.355 ; gain = 422.246
---------------------------------------------------------------------------------
Finished Parallel Area Optimization  : Time (s): cpu = 00:00:21 ; elapsed = 00:00:25 . Memory (MB): peak = 629.355 ; gain = 422.246

Report RTL Partitions: 
+-+--------------+------------+----------+
| |RTL Partition |Replication |Instances |
+-+--------------+------------+----------+
+-+--------------+------------+----------+
---------------------------------------------------------------------------------
Start Timing Optimization
---------------------------------------------------------------------------------
---------------------------------------------------------------------------------
Start Applying XDC Timing Constraints
---------------------------------------------------------------------------------
---------------------------------------------------------------------------------
Finished Applying XDC Timing Constraints : Time (s): cpu = 00:00:34 ; elapsed = 00:00:38 . Memory (MB): peak = 629.355 ; gain = 422.246
---------------------------------------------------------------------------------
---------------------------------------------------------------------------------
Finished Timing Optimization : Time (s): cpu = 00:00:36 ; elapsed = 00:00:41 . Memory (MB): peak = 636.508 ; gain = 429.398
---------------------------------------------------------------------------------

Report RTL Partitions: 
+-+--------------+------------+----------+
| |RTL Partition |Replication |Instances |
+-+--------------+------------+----------+
+-+--------------+------------+----------+
---------------------------------------------------------------------------------
Start Technology Mapping
---------------------------------------------------------------------------------
INFO: [Synth 8-3886] merging instance 'i_816' (FDE) to 'A_reg[0]'
INFO: [Synth 8-3886] merging instance 'i_14' (FDE) to 'A_reg[1]'
INFO: [Synth 8-3886] merging instance 'i_15' (FDE) to 'A_reg[2]'
INFO: [Synth 8-3886] merging instance 'i_16' (FDE) to 'A_reg[3]'
INFO: [Synth 8-3886] merging instance 'i_17' (FDE) to 'A_reg[4]'
INFO: [Synth 8-3886] merging instance 'i_18' (FDE) to 'A_reg[5]'
INFO: [Synth 8-3886] merging instance 'i_19' (FDE) to 'A_reg[6]'
INFO: [Synth 8-3886] merging instance 'i_20' (FDE) to 'A_reg[7]'
INFO: [Synth 8-3886] merging instance 'i_21' (FDE) to 'A_reg[8]'
INFO: [Synth 8-3886] merging instance 'i_22' (FDE) to 'A_reg[9]'
INFO: [Synth 8-3886] merging instance 'i_23' (FDE) to 'A_reg[10]'
INFO: [Synth 8-3886] merging instance 'i_24' (FDE) to 'A_reg[11]'
WARNING: [Synth 8-3332] Sequential element (i_816) is unused and will be removed from module proc.
WARNING: [Synth 8-3332] Sequential element (i_14) is unused and will be removed from module proc.
WARNING: [Synth 8-3332] Sequential element (i_15) is unused and will be removed from module proc.
WARNING: [Synth 8-3332] Sequential element (i_16) is unused and will be removed from module proc.
WARNING: [Synth 8-3332] Sequential element (i_17) is unused and will be removed from module proc.
WARNING: [Synth 8-3332] Sequential element (i_18) is unused and will be removed from module proc.
WARNING: [Synth 8-3332] Sequential element (i_19) is unused and will be removed from module proc.
WARNING: [Synth 8-3332] Sequential element (i_20) is unused and will be removed from module proc.
WARNING: [Synth 8-3332] Sequential element (i_21) is unused and will be removed from module proc.
WARNING: [Synth 8-3332] Sequential element (i_22) is unused and will be removed from module proc.
WARNING: [Synth 8-3332] Sequential element (i_23) is unused and will be removed from module proc.
WARNING: [Synth 8-3332] Sequential element (i_24) is unused and will be removed from module proc.
INFO: [Synth 8-4480] The timing for the instance mem_reg_0 (implemented as a block RAM) might be sub-optimal as no optional output register could be merged into the block ram. Providing additional output register may help in improving timing.
INFO: [Synth 8-4480] The timing for the instance mem_reg_1 (implemented as a block RAM) might be sub-optimal as no optional output register could be merged into the block ram. Providing additional output register may help in improving timing.
---------------------------------------------------------------------------------
Finished Technology Mapping : Time (s): cpu = 00:00:37 ; elapsed = 00:00:41 . Memory (MB): peak = 641.035 ; gain = 433.926
---------------------------------------------------------------------------------
Finished Parallel Technology Mapping Optimization  : Time (s): cpu = 00:00:37 ; elapsed = 00:00:41 . Memory (MB): peak = 641.035 ; gain = 433.926

Report RTL Partitions: 
+-+--------------+------------+----------+
| |RTL Partition |Replication |Instances |
+-+--------------+------------+----------+
+-+--------------+------------+----------+
Finished Parallel Synthesis Optimization  : Time (s): cpu = 00:00:37 ; elapsed = 00:00:41 . Memory (MB): peak = 641.035 ; gain = 433.926
---------------------------------------------------------------------------------
Start IO Insertion
---------------------------------------------------------------------------------
---------------------------------------------------------------------------------
Start Flattening Before IO Insertion
---------------------------------------------------------------------------------
---------------------------------------------------------------------------------
Finished Flattening Before IO Insertion
---------------------------------------------------------------------------------
---------------------------------------------------------------------------------
Start Final Netlist Cleanup
---------------------------------------------------------------------------------
---------------------------------------------------------------------------------
Finished Final Netlist Cleanup
---------------------------------------------------------------------------------
---------------------------------------------------------------------------------
Finished IO Insertion : Time (s): cpu = 00:00:37 ; elapsed = 00:00:42 . Memory (MB): peak = 641.035 ; gain = 433.926
---------------------------------------------------------------------------------

Report Check Netlist: 
+------+------------------+-------+---------+-------+------------------+
|      |Item              |Errors |Warnings |Status |Description       |
+------+------------------+-------+---------+-------+------------------+
|1     |multi_driven_nets |      0|        0|Passed |Multi driven nets |
+------+------------------+-------+---------+-------+------------------+
---------------------------------------------------------------------------------
Start Renaming Generated Instances
---------------------------------------------------------------------------------
---------------------------------------------------------------------------------
Finished Renaming Generated Instances : Time (s): cpu = 00:00:37 ; elapsed = 00:00:42 . Memory (MB): peak = 641.035 ; gain = 433.926
---------------------------------------------------------------------------------

Report RTL Partitions: 
+-+--------------+------------+----------+
| |RTL Partition |Replication |Instances |
+-+--------------+------------+----------+
+-+--------------+------------+----------+
---------------------------------------------------------------------------------
Start Rebuilding User Hierarchy
---------------------------------------------------------------------------------
---------------------------------------------------------------------------------
Finished Rebuilding User Hierarchy : Time (s): cpu = 00:00:38 ; elapsed = 00:00:42 . Memory (MB): peak = 641.035 ; gain = 433.926
---------------------------------------------------------------------------------
---------------------------------------------------------------------------------
Start Renaming Generated Ports
---------------------------------------------------------------------------------
---------------------------------------------------------------------------------
Finished Renaming Generated Ports : Time (s): cpu = 00:00:38 ; elapsed = 00:00:42 . Memory (MB): peak = 641.035 ; gain = 433.926
---------------------------------------------------------------------------------
---------------------------------------------------------------------------------
Start Handling Custom Attributes
---------------------------------------------------------------------------------
---------------------------------------------------------------------------------
Finished Handling Custom Attributes : Time (s): cpu = 00:00:38 ; elapsed = 00:00:42 . Memory (MB): peak = 641.035 ; gain = 433.926
---------------------------------------------------------------------------------
---------------------------------------------------------------------------------
Start Renaming Generated Nets
---------------------------------------------------------------------------------
---------------------------------------------------------------------------------
Finished Renaming Generated Nets : Time (s): cpu = 00:00:38 ; elapsed = 00:00:42 . Memory (MB): peak = 641.035 ; gain = 433.926
---------------------------------------------------------------------------------
---------------------------------------------------------------------------------
Start Writing Synthesis Report
---------------------------------------------------------------------------------

Report BlackBoxes: 
+-+--------------+----------+
| |BlackBox name |Instances |
+-+--------------+----------+
+-+--------------+----------+

Report Cell Usage: 
+------+---------+------+
|      |Cell     |Count |
+------+---------+------+
|1     |BUFG     |     1|
|2     |CARRY4   |    12|
|3     |LUT1     |    12|
|4     |LUT2     |    29|
|5     |LUT3     |    41|
|6     |LUT4     |    20|
|7     |LUT5     |    34|
|8     |LUT6     |   135|
|9     |RAMB18E1 |     1|
|10    |RAMB36E1 |     1|
|11    |FDRE     |    89|
|12    |IBUF     |    13|
|13    |OBUF     |    12|
+------+---------+------+

Report Instance Areas: 
+------+---------+-------+------+
|      |Instance |Module |Cells |
+------+---------+-------+------+
|1     |top      |       |   400|
+------+---------+-------+------+
---------------------------------------------------------------------------------
Finished Writing Synthesis Report : Time (s): cpu = 00:00:38 ; elapsed = 00:00:42 . Memory (MB): peak = 641.035 ; gain = 433.926
---------------------------------------------------------------------------------
Synthesis finished with 0 errors, 0 critical warnings and 12 warnings.
Synthesis Optimization Runtime : Time (s): cpu = 00:00:24 ; elapsed = 00:00:30 . Memory (MB): peak = 641.035 ; gain = 125.195
Synthesis Optimization Complete : Time (s): cpu = 00:00:38 ; elapsed = 00:00:42 . Memory (MB): peak = 641.035 ; gain = 433.926
INFO: [Project 1-571] Translating synthesized netlist
INFO: [Netlist 29-17] Analyzing 27 Unisim elements for replacement
INFO: [Netlist 29-28] Unisim Transformation completed in 0 CPU seconds
INFO: [Project 1-570] Preparing netlist for logic optimization
INFO: [Opt 31-138] Pushed 0 inverter(s) to 0 load pin(s).
INFO: [Project 1-111] Unisim Transformation Summary:
No Unisim elements were transformed.

INFO: [Common 17-83] Releasing license: Synthesis
37 Infos, 12 Warnings, 0 Critical Warnings and 0 Errors encountered.
synth_design completed successfully
synth_design: Time (s): cpu = 00:00:37 ; elapsed = 00:00:40 . Memory (MB): peak = 641.035 ; gain = 430.285
report_utilization: Time (s): cpu = 00:00:00 ; elapsed = 00:00:00.031 . Memory (MB): peak = 641.035 ; gain = 0.000
INFO: [Common 17-206] Exiting Vivado at Sun Mar 11 16:59:14 2018...
